2 4 -1
4 2 -1
4 5 -0.5
5 4 -0.5
4 5 -0.5
5 4 -0.5
5 12 -0.5
12 5 -0.5
6 8 -0.5
8 6 -0.5
7 9 -0.5
9 7 -0.5
10 11 -0.25
10 13 -0.25
10 18 -0.25
10 1 -0.25
11 10 -0.25
11 13 -0.25
11 18 -0.25
11 1 -0.25
13 10 -0.25
13 11 -0.25
13 18 -0.25
13 1 -0.25
18 10 -0.25
18 11 -0.25
18 13 -0.25
18 1 -0.25
1 10 -0.25
1 11 -0.25
1 13 -0.25
1 18 -0.25
11 16 -0.333333
11 17 -0.333333
16 11 -0.333333
16 17 -0.333333
17 11 -0.333333
17 16 -0.333333
14 16 -0.25
14 17 -0.25
14 18 -0.25
14 2 -0.25
16 14 -0.25
16 17 -0.25
16 18 -0.25
16 2 -0.25
17 14 -0.25
17 16 -0.25
17 18 -0.25
17 2 -0.25
18 14 -0.25
18 16 -0.25
18 17 -0.25
18 2 -0.25
2 14 -0.25
2 16 -0.25
2 17 -0.25
2 18 -0.25
3 16 -0.25
3 17 -0.25
3 18 -0.25
3 3 -0.25
16 3 -0.25
16 17 -0.25
16 18 -0.25
16 3 -0.25
17 3 -0.25
17 16 -0.25
17 18 -0.25
17 3 -0.25
18 3 -0.25
18 16 -0.25
18 17 -0.25
18 3 -0.25
3 3 -0.25
3 16 -0.25
3 17 -0.25
3 18 -0.25
1 8 -0.5
1 5 -0.5
8 1 -0.5
8 5 -0.5
5 1 -0.5
5 8 -0.5
1 6 -1
6 1 -1
0 0 1.5
1 1 8
2 2 2.75
3 3 4
4 4 1.5
5 5 2.5
6 6 1
7 7 1
8 8 1.5
9 9 0.75
10 10 2.25
11 11 3
12 12 0.5
13 13 1.25
14 14 1
15 15 0.5
16 16 3
17 17 3.25
2 4 -1
4 2 -1
4 5 -0.5
5 4 -0.5
4 5 -0.5
5 4 -0.5
5 12 -0.5
12 5 -0.5
6 8 -0.5
8 6 -0.5
7 9 -0.5
9 7 -0.5
10 11 -0.25
10 13 -0.25
10 18 -0.25
10 1 -0.25
11 10 -0.25
11 13 -0.25
11 18 -0.25
11 1 -0.25
13 10 -0.25
13 11 -0.25
13 18 -0.25
13 1 -0.25
18 10 -0.25
18 11 -0.25
18 13 -0.25
18 1 -0.25
1 10 -0.25
1 11 -0.25
1 13 -0.25
1 18 -0.25
11 16 -0.333333
11 17 -0.333333
16 11 -0.333333
16 17 -0.333333
17 11 -0.333333
17 16 -0.333333
14 16 -0.25
14 17 -0.25
14 18 -0.25
14 2 -0.25
16 14 -0.25
16 17 -0.25
16 18 -0.25
16 2 -0.25
17 14 -0.25
17 16 -0.25
17 18 -0.25
17 2 -0.25
18 14 -0.25
18 16 -0.25
18 17 -0.25
18 2 -0.25
2 14 -0.25
2 16 -0.25
2 17 -0.25
2 18 -0.25
3 16 -0.25
3 17 -0.25
3 18 -0.25
3 3 -0.25
16 3 -0.25
16 17 -0.25
16 18 -0.25
16 3 -0.25
17 3 -0.25
17 16 -0.25
17 18 -0.25
17 3 -0.25
18 3 -0.25
18 16 -0.25
18 17 -0.25
18 3 -0.25
3 3 -0.25
3 16 -0.25
3 17 -0.25
3 18 -0.25
1 8 -0.5
1 5 -0.5
8 1 -0.5
8 5 -0.5
5 1 -0.5
5 8 -0.5
1 6 -1
6 1 -1
0 0 1.5
1 1 8
2 2 2.75
3 3 4
4 4 1.5
5 5 2.5
6 6 1
7 7 1
8 8 1.5
9 9 0.75
10 10 2.25
11 11 3
12 12 0.5
13 13 1.25
14 14 1
15 15 0.5
16 16 3
17 17 3.25
2 4 -1
4 2 -1
4 5 -0.5
5 4 -0.5
4 5 -0.5
5 4 -0.5
5 12 -0.5
12 5 -0.5
6 8 -0.5
8 6 -0.5
7 9 -0.5
9 7 -0.5
10 11 -0.25
10 13 -0.25
10 18 -0.25
10 1 -0.25
11 10 -0.25
11 13 -0.25
11 18 -0.25
11 1 -0.25
13 10 -0.25
13 11 -0.25
13 18 -0.25
13 1 -0.25
18 10 -0.25
18 11 -0.25
18 13 -0.25
18 1 -0.25
1 10 -0.25
1 11 -0.25
1 13 -0.25
1 18 -0.25
11 16 -0.333333
11 17 -0.333333
16 11 -0.333333
16 17 -0.333333
17 11 -0.333333
17 16 -0.333333
14 16 -0.25
14 17 -0.25
14 18 -0.25
14 2 -0.25
16 14 -0.25
16 17 -0.25
16 18 -0.25
16 2 -0.25
17 14 -0.25
17 16 -0.25
17 18 -0.25
17 2 -0.25
18 14 -0.25
18 16 -0.25
18 17 -0.25
18 2 -0.25
2 14 -0.25
2 16 -0.25
2 17 -0.25
2 18 -0.25
3 16 -0.25
3 17 -0.25
3 18 -0.25
3 3 -0.25
16 3 -0.25
16 17 -0.25
16 18 -0.25
16 3 -0.25
17 3 -0.25
17 16 -0.25
17 18 -0.25
17 3 -0.25
18 3 -0.25
18 16 -0.25
18 17 -0.25
18 3 -0.25
3 3 -0.25
3 16 -0.25
3 17 -0.25
3 18 -0.25
1 8 -0.5
1 5 -0.5
8 1 -0.5
8 5 -0.5
5 1 -0.5
5 8 -0.5
1 6 -1
6 1 -1
0 0 1.5
1 1 8
2 2 2.75
3 3 4
4 4 1.5
5 5 2.5
6 6 1
7 7 1
8 8 1.5
9 9 0.75
10 10 2.25
11 11 3
12 12 0.5
13 13 1.25
14 14 1
15 15 0.5
16 16 3
17 17 3.25
